\BOOKMARK [1][-]{section.1}{Abstract}{}% 1
\BOOKMARK [1][-]{section.2}{Introduction}{}% 2
\BOOKMARK [1][-]{section.3}{Extension Architecture}{}% 3
\BOOKMARK [2][-]{subsection.3.1}{Multi Browser Extensions}{section.3}% 4
\BOOKMARK [2][-]{subsection.3.2}{Firefox ADD-ONs}{section.3}% 5
\BOOKMARK [1][-]{section.4}{Related Works}{}% 6
\BOOKMARK [2][-]{subsection.4.1}{Extension Analysis}{section.4}% 7
\BOOKMARK [2][-]{subsection.4.2}{Extension Attacks}{section.4}% 8
\BOOKMARK [2][-]{subsection.4.3}{Malicious Code Detection}{section.4}% 9
\BOOKMARK [2][-]{subsection.4.4}{Information Flow Control In JavaScript}{section.4}% 10
\BOOKMARK [1][-]{section.5}{Extension Implementation}{}% 11
\BOOKMARK [2][-]{subsection.5.1}{Hide Malicious Behavior}{section.5}% 12
\BOOKMARK [3][-]{subsubsection.5.1.1}{Code Obfuscation}{subsection.5.1}% 13
\BOOKMARK [3][-]{subsubsection.5.1.2}{Remotely Loaded Scripts}{subsection.5.1}% 14
\BOOKMARK [3][-]{subsubsection.5.1.3}{Mutual Extension Communication}{subsection.5.1}% 15
\BOOKMARK [2][-]{subsection.5.2}{Targeting}{section.5}% 16
\BOOKMARK [3][-]{subsubsection.5.2.1}{User Tracking}{subsection.5.2}% 17
\BOOKMARK [3][-]{subsubsection.5.2.2}{Fingerprinting}{subsection.5.2}% 18
\BOOKMARK [2][-]{subsection.5.3}{Communication}{section.5}% 19
\BOOKMARK [2][-]{subsection.5.4}{Attack Vectors}{section.5}% 20
\BOOKMARK [3][-]{subsubsection.5.4.1}{Accessing The Web Page}{subsection.5.4}% 21
\BOOKMARK [3][-]{subsubsection.5.4.2}{Execute Web Attacks}{subsection.5.4}% 22
\BOOKMARK [3][-]{subsubsection.5.4.3}{Intercept Requests}{subsection.5.4}% 23
\BOOKMARK [2][-]{subsection.5.5}{Implementation}{section.5}% 24
\BOOKMARK [3][-]{subsubsection.5.5.1}{Steal Credentials}{subsection.5.5}% 25
\BOOKMARK [3][-]{subsubsection.5.5.2}{Identifier Storage}{subsection.5.5}% 26
\BOOKMARK [3][-]{subsubsection.5.5.3}{Web Beacon}{subsection.5.5}% 27
\BOOKMARK [3][-]{subsubsection.5.5.4}{Keylogger}{subsection.5.5}% 28
\BOOKMARK [3][-]{subsubsection.5.5.5}{Fingerprinting}{subsection.5.5}% 29
\BOOKMARK [2][-]{subsection.5.6}{Summary}{section.5}% 30
\BOOKMARK [1][-]{section.6}{Extension Analysis}{}% 31
\BOOKMARK [2][-]{subsection.6.1}{Google Translate}{section.6}% 32
\BOOKMARK [2][-]{subsection.6.2}{Unlimited Free VPN - Hola}{section.6}% 33
\BOOKMARK [2][-]{subsection.6.3}{Evernote Web Clipper}{section.6}% 34
